#! /ucrt64/bin/vvp
:ivl_version "13.0 (stable)" "(v13_0)";
:ivl_delay_selection "TYPICAL";
:vpi_time_precision + 0;
:vpi_module "C:\msys64\ucrt64\lib\ivl\system.vpi";
:vpi_module "C:\msys64\ucrt64\lib\ivl\vhdl_sys.vpi";
:vpi_module "C:\msys64\ucrt64\lib\ivl\vhdl_textio.vpi";
:vpi_module "C:\msys64\ucrt64\lib\ivl\v2005_math.vpi";
:vpi_module "C:\msys64\ucrt64\lib\ivl\va_math.vpi";
:vpi_module "C:\msys64\ucrt64\lib\ivl\v2009.vpi";
S_00000282a9700e90 .scope package, "$unit" "$unit" 2 1;
 .timescale 0 0;
S_00000282a96b9480 .scope module, "uart_tb" "uart_tb" 3 1;
 .timescale 0 0;
v00000282a99a3900_0 .var "clk", 0 0;
v00000282a99a4440_0 .net "irq", 0 0, L_00000282a96e6cd0;  1 drivers
v00000282a99a4ee0_0 .var "rst_n", 0 0;
v00000282a99a4580_0 .net "wb_ack", 0 0, v00000282a99a43a0_0;  1 drivers
v00000282a99a3b80_0 .var "wb_addr", 3 0;
v00000282a99a44e0_0 .var "wb_cyc", 0 0;
v00000282a99a39a0_0 .net "wb_rdata", 7 0, L_00000282a96e73d0;  1 drivers
v00000282a99a3680_0 .var "wb_stb", 0 0;
v00000282a99a4620_0 .var "wb_wdata", 7 0;
v00000282a99a3ea0_0 .var "wb_we", 0 0;
E_00000282a96fd290 .event anyedge, v00000282a96e40e0_0;
S_00000282a96b9610 .scope module, "uart_wb_inst" "uart_wb" 3 19, 4 1 0, S_00000282a96b9480;
 .timescale 0 0;
    .port_info 0 /INPUT 1 "clk";
    .port_info 1 /INPUT 1 "rst_n";
    .port_info 2 /INPUT 1 "wb_cyc";
    .port_info 3 /INPUT 1 "wb_stb";
    .port_info 4 /INPUT 1 "wb_we";
    .port_info 5 /INPUT 4 "wb_addr";
    .port_info 6 /INPUT 8 "wb_wdata";
    .port_info 7 /OUTPUT 8 "wb_rdata";
    .port_info 8 /OUTPUT 1 "wb_ack";
    .port_info 9 /OUTPUT 1 "irq";
P_00000282a96c1ed0 .param/l "BAUD_RATE" 0 4 2, +C4<00000000000000000010010110000000>;
P_00000282a96c1f08 .param/l "CLK_FREQ" 0 4 3, +C4<00000010111110101111000010000000>;
L_00000282a96e6e20 .functor AND 1, v00000282a99a44e0_0, v00000282a99a3680_0, C4<1>, C4<1>;
L_00000282a96e6b10 .functor AND 1, L_00000282a96e6e20, v00000282a99a3ea0_0, C4<1>, C4<1>;
L_00000282a96e7590 .functor AND 1, v00000282a99a44e0_0, v00000282a99a3680_0, C4<1>, C4<1>;
L_00000282a96e6f70 .functor AND 1, L_00000282a96e7590, L_00000282a99a3c20, C4<1>, C4<1>;
L_00000282a96e7210 .functor BUFZ 4, v00000282a99a3b80_0, C4<0000>, C4<0000>, C4<0000>;
L_00000282a96e7600 .functor BUFZ 8, v00000282a99a4620_0, C4<00000000>, C4<00000000>, C4<00000000>;
L_00000282a96e73d0 .functor BUFZ 8, v00000282a999e870_0, C4<00000000>, C4<00000000>, C4<00000000>;
v00000282a99a1e90_0 .net *"_ivl_1", 0 0, L_00000282a96e6e20;  1 drivers
v00000282a99a2a70_0 .net *"_ivl_5", 0 0, L_00000282a96e7590;  1 drivers
v00000282a99a2b10_0 .net *"_ivl_7", 0 0, L_00000282a99a3c20;  1 drivers
v00000282a99a3ae0_0 .net "addr", 3 0, L_00000282a96e7210;  1 drivers
v00000282a99a4c60_0 .net "clk", 0 0, v00000282a99a3900_0;  1 drivers
v00000282a99a4120_0 .net "irq", 0 0, L_00000282a96e6cd0;  alias, 1 drivers
v00000282a99a37c0_0 .net "rdata", 7 0, v00000282a999e870_0;  1 drivers
v00000282a99a3360_0 .net "read_en", 0 0, L_00000282a96e6f70;  1 drivers
v00000282a99a3220_0 .net "rst_n", 0 0, v00000282a99a4ee0_0;  1 drivers
v00000282a99a43a0_0 .var "wb_ack", 0 0;
v00000282a99a3180_0 .net "wb_addr", 3 0, v00000282a99a3b80_0;  1 drivers
v00000282a99a3860_0 .net "wb_cyc", 0 0, v00000282a99a44e0_0;  1 drivers
v00000282a99a41c0_0 .net "wb_rdata", 7 0, L_00000282a96e73d0;  alias, 1 drivers
v00000282a99a3e00_0 .net "wb_stb", 0 0, v00000282a99a3680_0;  1 drivers
v00000282a99a4d00_0 .net "wb_wdata", 7 0, v00000282a99a4620_0;  1 drivers
v00000282a99a32c0_0 .net "wb_we", 0 0, v00000282a99a3ea0_0;  1 drivers
v00000282a99a3cc0_0 .net "wdata", 7 0, L_00000282a96e7600;  1 drivers
v00000282a99a4a80_0 .net "write_en", 0 0, L_00000282a96e6b10;  1 drivers
L_00000282a99a3c20 .reduce/nor v00000282a99a3ea0_0;
S_00000282a96b97a0 .scope module, "uart_top_inst" "uart_top" 4 45, 5 1 0, S_00000282a96b9610;
 .timescale 0 0;
    .port_info 0 /INPUT 1 "clk";
    .port_info 1 /INPUT 1 "rst_n";
    .port_info 2 /INPUT 1 "write_en";
    .port_info 3 /INPUT 1 "read_en";
    .port_info 4 /INPUT 4 "addr";
    .port_info 5 /INPUT 8 "wdata";
    .port_info 6 /OUTPUT 8 "rdata";
    .port_info 7 /OUTPUT 1 "irq";
P_00000282a96c2250 .param/l "BAUD_RATE" 0 5 2, +C4<00000000000000000010010110000000>;
P_00000282a96c2288 .param/l "CLK_FREQ" 0 5 3, +C4<00000010111110101111000010000000>;
L_00000282a96e6d40 .functor AND 1, L_00000282a99a34a0, L_00000282a99a3720, C4<1>, C4<1>;
L_00000282a96e70c0 .functor AND 1, v00000282a999ec30_0, L_00000282a99a4940, C4<1>, C4<1>;
v00000282a99a12b0_0 .net *"_ivl_1", 0 0, L_00000282a99a34a0;  1 drivers
v00000282a99a1350_0 .net *"_ivl_3", 0 0, L_00000282a99a3720;  1 drivers
v00000282a99a2070_0 .net *"_ivl_7", 0 0, L_00000282a99a4940;  1 drivers
v00000282a99a1c10_0 .net "addr", 3 0, L_00000282a96e7210;  alias, 1 drivers
v00000282a99a21b0_0 .net "baud_16x_tick", 0 0, v00000282a96e53a0_0;  1 drivers
v00000282a99a13f0_0 .net "baud_tick", 0 0, v00000282a96e3d20_0;  1 drivers
v00000282a99a2e30_0 .net "clk", 0 0, v00000282a99a3900_0;  alias, 1 drivers
v00000282a99a2390_0 .net "irq", 0 0, L_00000282a96e6cd0;  alias, 1 drivers
v00000282a99a1df0_0 .net "parity_enable", 0 0, L_00000282a99a4e40;  1 drivers
v00000282a99a15d0_0 .net "parity_error", 0 0, v00000282a999dbf0_0;  1 drivers
v00000282a99a1670_0 .net "parity_odd", 0 0, L_00000282a99a46c0;  1 drivers
v00000282a99a2ed0_0 .net "rdata", 7 0, v00000282a999e870_0;  alias, 1 drivers
v00000282a99a2750_0 .net "read_en", 0 0, L_00000282a96e6f70;  alias, 1 drivers
v00000282a99a18f0_0 .net "rst_n", 0 0, v00000282a99a4ee0_0;  alias, 1 drivers
v00000282a99a2570_0 .net "rx_data", 7 0, v00000282a999e690_0;  1 drivers
v00000282a99a1ad0_0 .net "rx_data_valid", 0 0, v00000282a999ec30_0;  1 drivers
v00000282a99a2430_0 .net "rx_fifo_data_out", 7 0, v00000282a96e4b80_0;  1 drivers
v00000282a99a2c50_0 .net "rx_fifo_empty", 0 0, L_00000282a99a4b20;  1 drivers
v00000282a99a2f70_0 .net "rx_fifo_full", 0 0, L_00000282a99a48a0;  1 drivers
v00000282a99a2110_0 .net "rx_fifo_read", 0 0, v00000282a999d470_0;  1 drivers
v00000282a99a1990_0 .net "rx_fifo_write", 0 0, L_00000282a96e70c0;  1 drivers
v00000282a99a1710_0 .net "serial_line", 0 0, v00000282a99a1d50_0;  1 drivers
v00000282a99a1850_0 .net "tx_busy", 0 0, v00000282a99a2d90_0;  1 drivers
v00000282a99a1cb0_0 .net "tx_fifo_data_out", 7 0, v00000282a999dc90_0;  1 drivers
v00000282a99a27f0_0 .net "tx_fifo_empty", 0 0, L_00000282a99a4260;  1 drivers
v00000282a99a22f0_0 .net "tx_fifo_full", 0 0, L_00000282a99a5020;  1 drivers
v00000282a99a24d0_0 .net "tx_fifo_read", 0 0, L_00000282a96e6d40;  1 drivers
v00000282a99a26b0_0 .net "tx_fifo_wdata", 7 0, v00000282a999e370_0;  1 drivers
v00000282a99a29d0_0 .net "tx_fifo_write", 0 0, v00000282a999d510_0;  1 drivers
v00000282a99a2890_0 .net "wdata", 7 0, L_00000282a96e7600;  alias, 1 drivers
v00000282a99a2930_0 .net "write_en", 0 0, L_00000282a96e6b10;  alias, 1 drivers
L_00000282a99a34a0 .reduce/nor L_00000282a99a4260;
L_00000282a99a3720 .reduce/nor v00000282a99a2d90_0;
L_00000282a99a4940 .reduce/nor L_00000282a99a48a0;
S_00000282a968a050 .scope module, "baud_gen_inst" "baud_gen" 5 65, 6 1 0, S_00000282a96b97a0;
 .timescale 0 0;
    .port_info 0 /INPUT 1 "clk";
    .port_info 1 /INPUT 1 "rst_n";
    .port_info 2 /OUTPUT 1 "baud_tick";
    .port_info 3 /OUTPUT 1 "baud_16x_tick";
P_00000282a97022e0 .param/l "BAUD_RATE" 0 6 2, +C4<00000000000000000010010110000000>;
P_00000282a9702318 .param/l "CLKS_PER_BIT" 1 6 10, +C4<00000000000000000001010001011000>;
P_00000282a9702350 .param/l "CLKS_PER_BIT_16X" 1 6 11, +C4<0000000000000000000000000000000000000000000000000000000101000101>;
P_00000282a9702388 .param/l "CLK_FREQ" 0 6 3, +C4<00000010111110101111000010000000>;
v00000282a96e53a0_0 .var "baud_16x_tick", 0 0;
v00000282a96e3d20_0 .var "baud_tick", 0 0;
v00000282a96e4900_0 .net "clk", 0 0, v00000282a99a3900_0;  alias, 1 drivers
v00000282a96e3f00_0 .var "counter", 12 0;
v00000282a96e4d60_0 .var "counter_16x", 8 0;
v00000282a96e40e0_0 .net "rst_n", 0 0, v00000282a99a4ee0_0;  alias, 1 drivers
E_00000282a96fd610/0 .event negedge, v00000282a96e40e0_0;
E_00000282a96fd610/1 .event posedge, v00000282a96e4900_0;
E_00000282a96fd610 .event/or E_00000282a96fd610/0, E_00000282a96fd610/1;
S_00000282a968a1e0 .scope module, "rx_fifo" "fifo" 5 106, 7 1 0, S_00000282a96b97a0;
 .timescale 0 0;
    .port_info 0 /INPUT 1 "clk";
    .port_info 1 /INPUT 1 "rst_n";
    .port_info 2 /INPUT 1 "write_en";
    .port_info 3 /INPUT 1 "read_en";
    .port_info 4 /INPUT 8 "data_in";
    .port_info 5 /OUTPUT 8 "data_out";
    .port_info 6 /OUTPUT 1 "empty";
    .port_info 7 /OUTPUT 1 "full";
P_00000282a96c1850 .param/l "DEPTH" 0 7 3, +C4<00000000000000000000000000010000>;
P_00000282a96c1888 .param/l "WIDTH" 0 7 2, +C4<00000000000000000000000000001000>;
v00000282a96e4540_0 .net *"_ivl_0", 31 0, L_00000282a99a4300;  1 drivers
L_00000282a99a52f8 .functor BUFT 1, C4<000000000000000000000000000>, C4<0>, C4<0>, C4<0>;
v00000282a96e3a00_0 .net *"_ivl_11", 26 0, L_00000282a99a52f8;  1 drivers
L_00000282a99a5340 .functor BUFT 1, C4<00000000000000000000000000010000>, C4<0>, C4<0>, C4<0>;
v00000282a96e5120_0 .net/2u *"_ivl_12", 31 0, L_00000282a99a5340;  1 drivers
L_00000282a99a5268 .functor BUFT 1, C4<000000000000000000000000000>, C4<0>, C4<0>, C4<0>;
v00000282a96e4180_0 .net *"_ivl_3", 26 0, L_00000282a99a5268;  1 drivers
L_00000282a99a52b0 .functor BUFT 1, C4<00000000000000000000000000000000>, C4<0>, C4<0>, C4<0>;
v00000282a96e4720_0 .net/2u *"_ivl_4", 31 0, L_00000282a99a52b0;  1 drivers
v00000282a96e3aa0_0 .net *"_ivl_8", 31 0, L_00000282a99a4760;  1 drivers
v00000282a96e47c0_0 .net "clk", 0 0, v00000282a99a3900_0;  alias, 1 drivers
v00000282a96e51c0_0 .var "count", 4 0;
v00000282a96e4a40_0 .net "data_in", 7 0, v00000282a999e690_0;  alias, 1 drivers
v00000282a96e4b80_0 .var "data_out", 7 0;
v00000282a96e4e00_0 .net "empty", 0 0, L_00000282a99a4b20;  alias, 1 drivers
v00000282a96e4ea0_0 .net "full", 0 0, L_00000282a99a48a0;  alias, 1 drivers
v00000282a96e5260 .array "mem", 0 15, 7 0;
v00000282a96e5300_0 .net "read_en", 0 0, v00000282a999d470_0;  alias, 1 drivers
v00000282a96e5440_0 .var "read_ptr", 3 0;
v00000282a96e54e0_0 .net "rst_n", 0 0, v00000282a99a4ee0_0;  alias, 1 drivers
v00000282a96e3b40_0 .net "write_en", 0 0, L_00000282a96e70c0;  alias, 1 drivers
v00000282a96e5760_0 .var "write_ptr", 3 0;
L_00000282a99a4300 .concat [ 5 27 0 0], v00000282a96e51c0_0, L_00000282a99a5268;
L_00000282a99a4b20 .cmp/eq 32, L_00000282a99a4300, L_00000282a99a52b0;
L_00000282a99a4760 .concat [ 5 27 0 0], v00000282a96e51c0_0, L_00000282a99a52f8;
L_00000282a99a48a0 .cmp/eq 32, L_00000282a99a4760, L_00000282a99a5340;
S_00000282a96c26e0 .scope module, "tx_fifo" "fifo" 5 71, 7 1 0, S_00000282a96b97a0;
 .timescale 0 0;
    .port_info 0 /INPUT 1 "clk";
    .port_info 1 /INPUT 1 "rst_n";
    .port_info 2 /INPUT 1 "write_en";
    .port_info 3 /INPUT 1 "read_en";
    .port_info 4 /INPUT 8 "data_in";
    .port_info 5 /OUTPUT 8 "data_out";
    .port_info 6 /OUTPUT 1 "empty";
    .port_info 7 /OUTPUT 1 "full";
P_00000282a96c1750 .param/l "DEPTH" 0 7 3, +C4<00000000000000000000000000010000>;
P_00000282a96c1788 .param/l "WIDTH" 0 7 2, +C4<00000000000000000000000000001000>;
v00000282a96e3be0_0 .net *"_ivl_0", 31 0, L_00000282a99a4f80;  1 drivers
L_00000282a99a51d8 .functor BUFT 1, C4<000000000000000000000000000>, C4<0>, C4<0>, C4<0>;
v00000282a9621d00_0 .net *"_ivl_11", 26 0, L_00000282a99a51d8;  1 drivers
L_00000282a99a5220 .functor BUFT 1, C4<00000000000000000000000000010000>, C4<0>, C4<0>, C4<0>;
v00000282a96216c0_0 .net/2u *"_ivl_12", 31 0, L_00000282a99a5220;  1 drivers
L_00000282a99a5148 .functor BUFT 1, C4<000000000000000000000000000>, C4<0>, C4<0>, C4<0>;
v00000282a9621da0_0 .net *"_ivl_3", 26 0, L_00000282a99a5148;  1 drivers
L_00000282a99a5190 .functor BUFT 1, C4<00000000000000000000000000000000>, C4<0>, C4<0>, C4<0>;
v00000282a9622020_0 .net/2u *"_ivl_4", 31 0, L_00000282a99a5190;  1 drivers
v00000282a999ddd0_0 .net *"_ivl_8", 31 0, L_00000282a99a4800;  1 drivers
v00000282a999e230_0 .net "clk", 0 0, v00000282a99a3900_0;  alias, 1 drivers
v00000282a999d290_0 .var "count", 4 0;
v00000282a999d790_0 .net "data_in", 7 0, v00000282a999e370_0;  alias, 1 drivers
v00000282a999dc90_0 .var "data_out", 7 0;
v00000282a999d330_0 .net "empty", 0 0, L_00000282a99a4260;  alias, 1 drivers
v00000282a999d3d0_0 .net "full", 0 0, L_00000282a99a5020;  alias, 1 drivers
v00000282a999de70 .array "mem", 0 15, 7 0;
v00000282a999e0f0_0 .net "read_en", 0 0, L_00000282a96e6d40;  alias, 1 drivers
v00000282a999ecd0_0 .var "read_ptr", 3 0;
v00000282a999d6f0_0 .net "rst_n", 0 0, v00000282a99a4ee0_0;  alias, 1 drivers
v00000282a999d1f0_0 .net "write_en", 0 0, v00000282a999d510_0;  alias, 1 drivers
v00000282a999e190_0 .var "write_ptr", 3 0;
L_00000282a99a4f80 .concat [ 5 27 0 0], v00000282a999d290_0, L_00000282a99a5148;
L_00000282a99a4260 .cmp/eq 32, L_00000282a99a4f80, L_00000282a99a5190;
L_00000282a99a4800 .concat [ 5 27 0 0], v00000282a999d290_0, L_00000282a99a51d8;
L_00000282a99a5020 .cmp/eq 32, L_00000282a99a4800, L_00000282a99a5220;
S_00000282a96c2870 .scope module, "uart_regs_inst" "uart_regs" 5 42, 8 1 0, S_00000282a96b97a0;
 .timescale 0 0;
    .port_info 0 /INPUT 1 "clk";
    .port_info 1 /INPUT 1 "rst_n";
    .port_info 2 /INPUT 1 "write_en";
    .port_info 3 /INPUT 1 "read_en";
    .port_info 4 /INPUT 4 "addr";
    .port_info 5 /INPUT 8 "wdata";
    .port_info 6 /OUTPUT 8 "rdata";
    .port_info 7 /OUTPUT 1 "tx_fifo_write";
    .port_info 8 /OUTPUT 8 "tx_fifo_wdata";
    .port_info 9 /INPUT 1 "tx_fifo_full";
    .port_info 10 /OUTPUT 1 "rx_fifo_read";
    .port_info 11 /INPUT 8 "rx_fifo_rdata";
    .port_info 12 /INPUT 1 "rx_fifo_empty";
    .port_info 13 /INPUT 1 "parity_error";
    .port_info 14 /OUTPUT 1 "parity_enable";
    .port_info 15 /OUTPUT 1 "parity_odd";
    .port_info 16 /OUTPUT 1 "irq";
P_00000282a97025b0 .param/l "CONTROL_ADDR" 1 8 36, C4<1100>;
P_00000282a97025e8 .param/l "RX_ADDR" 1 8 34, C4<0100>;
P_00000282a9702620 .param/l "STATUS_ADDR" 1 8 35, C4<1000>;
P_00000282a9702658 .param/l "TX_ADDR" 1 8 33, C4<0000>;
L_00000282a96e6aa0 .functor AND 1, L_00000282a99a3f40, L_00000282a99a35e0, C4<1>, C4<1>;
L_00000282a96e6b80 .functor AND 1, L_00000282a99a3a40, L_00000282a99a3fe0, C4<1>, C4<1>;
L_00000282a96e7050 .functor OR 1, L_00000282a96e6aa0, L_00000282a96e6b80, C4<0>, C4<0>;
L_00000282a96e6cd0 .functor OR 1, L_00000282a96e7050, L_00000282a99a4080, C4<0>, C4<0>;
v00000282a999df10_0 .net *"_ivl_11", 0 0, L_00000282a99a3a40;  1 drivers
v00000282a999ed70_0 .net *"_ivl_13", 0 0, L_00000282a99a3fe0;  1 drivers
v00000282a999d5b0_0 .net *"_ivl_15", 0 0, L_00000282a96e6b80;  1 drivers
v00000282a999e7d0_0 .net *"_ivl_17", 0 0, L_00000282a96e7050;  1 drivers
v00000282a999dab0_0 .net *"_ivl_19", 0 0, L_00000282a99a4080;  1 drivers
v00000282a999eaf0_0 .net *"_ivl_5", 0 0, L_00000282a99a3f40;  1 drivers
v00000282a999e050_0 .net *"_ivl_7", 0 0, L_00000282a99a35e0;  1 drivers
v00000282a999eff0_0 .net *"_ivl_9", 0 0, L_00000282a96e6aa0;  1 drivers
v00000282a999e550_0 .net "addr", 3 0, L_00000282a96e7210;  alias, 1 drivers
v00000282a999e9b0_0 .net "clk", 0 0, v00000282a99a3900_0;  alias, 1 drivers
v00000282a999ee10_0 .var "control_reg", 7 0;
v00000282a999dfb0_0 .net "irq", 0 0, L_00000282a96e6cd0;  alias, 1 drivers
v00000282a999d8d0_0 .net "parity_enable", 0 0, L_00000282a99a4e40;  alias, 1 drivers
v00000282a999d150_0 .net "parity_error", 0 0, v00000282a999dbf0_0;  alias, 1 drivers
v00000282a999eeb0_0 .net "parity_odd", 0 0, L_00000282a99a46c0;  alias, 1 drivers
v00000282a999e870_0 .var "rdata", 7 0;
v00000282a999e4b0_0 .net "read_en", 0 0, L_00000282a96e6f70;  alias, 1 drivers
v00000282a999e2d0_0 .net "rst_n", 0 0, v00000282a99a4ee0_0;  alias, 1 drivers
v00000282a999e5f0_0 .net "rx_fifo_empty", 0 0, L_00000282a99a4b20;  alias, 1 drivers
v00000282a999d830_0 .net "rx_fifo_rdata", 7 0, v00000282a96e4b80_0;  alias, 1 drivers
v00000282a999d470_0 .var "rx_fifo_read", 0 0;
v00000282a999eb90_0 .var "status_reg", 7 0;
v00000282a999ef50_0 .net "tx_fifo_full", 0 0, L_00000282a99a5020;  alias, 1 drivers
v00000282a999e370_0 .var "tx_fifo_wdata", 7 0;
v00000282a999d510_0 .var "tx_fifo_write", 0 0;
v00000282a999d650_0 .net "wdata", 7 0, L_00000282a96e7600;  alias, 1 drivers
v00000282a999ea50_0 .net "write_en", 0 0, L_00000282a96e6b10;  alias, 1 drivers
E_00000282a96fde10 .event anyedge, v00000282a96e4e00_0, v00000282a999d3d0_0, v00000282a999d150_0;
L_00000282a99a4e40 .part v00000282a999ee10_0, 2, 1;
L_00000282a99a46c0 .part v00000282a999ee10_0, 3, 1;
L_00000282a99a3f40 .part v00000282a999eb90_0, 0, 1;
L_00000282a99a35e0 .part v00000282a999ee10_0, 0, 1;
L_00000282a99a3a40 .part v00000282a999eb90_0, 1, 1;
L_00000282a99a3fe0 .part v00000282a999ee10_0, 1, 1;
L_00000282a99a4080 .part v00000282a999eb90_0, 2, 1;
S_00000282a9693d70 .scope module, "uart_rx_inst" "uart_rx" 5 94, 9 1 0, S_00000282a96b97a0;
 .timescale 0 0;
    .port_info 0 /INPUT 1 "clk";
    .port_info 1 /INPUT 1 "rst_n";
    .port_info 2 /INPUT 1 "rx";
    .port_info 3 /INPUT 1 "baud_16x_tick";
    .port_info 4 /INPUT 1 "parity_enable";
    .port_info 5 /INPUT 1 "parity_odd";
    .port_info 6 /OUTPUT 8 "data_out";
    .port_info 7 /OUTPUT 1 "data_valid";
    .port_info 8 /OUTPUT 1 "parity_error";
enum00000282a9621bc0 .enum4 (3)
   "idle" 3'b000,
   "start" 3'b001,
   "data" 3'b010,
   "parity" 3'b011,
   "stop" 3'b100
 ;
v00000282a999d970_0 .net "baud_16x_tick", 0 0, v00000282a96e53a0_0;  alias, 1 drivers
v00000282a999da10_0 .var "bit_count", 3 0;
v00000282a999e410_0 .net "clk", 0 0, v00000282a99a3900_0;  alias, 1 drivers
v00000282a999e690_0 .var "data_out", 7 0;
v00000282a999ec30_0 .var "data_valid", 0 0;
v00000282a999db50_0 .net "parity_enable", 0 0, L_00000282a99a4e40;  alias, 1 drivers
v00000282a999dbf0_0 .var "parity_error", 0 0;
v00000282a999e730_0 .net "parity_odd", 0 0, L_00000282a99a46c0;  alias, 1 drivers
v00000282a999e910_0 .net "rst_n", 0 0, v00000282a99a4ee0_0;  alias, 1 drivers
v00000282a999dd30_0 .net "rx", 0 0, v00000282a99a1d50_0;  alias, 1 drivers
v00000282a99a2250_0 .var "sample_count", 3 0;
v00000282a99a2610_0 .var "shift_reg", 7 0;
v00000282a99a1fd0_0 .var "state", 2 0;
S_00000282a9693f00 .scope module, "uart_tx_inst" "uart_tx" 5 82, 10 1 0, S_00000282a96b97a0;
 .timescale 0 0;
    .port_info 0 /INPUT 1 "clk";
    .port_info 1 /INPUT 1 "rst_n";
    .port_info 2 /INPUT 8 "data_in";
    .port_info 3 /INPUT 1 "baud_tick";
    .port_info 4 /INPUT 1 "data_valid";
    .port_info 5 /INPUT 1 "parity_enable";
    .port_info 6 /INPUT 1 "parity_odd";
    .port_info 7 /OUTPUT 1 "tx";
    .port_info 8 /OUTPUT 1 "busy";
enum00000282a9621f80 .enum4 (3)
   "idle" 3'b000,
   "start" 3'b001,
   "data" 3'b010,
   "parity" 3'b011,
   "stop" 3'b100
 ;
v00000282a99a1490_0 .net "baud_tick", 0 0, v00000282a96e3d20_0;  alias, 1 drivers
v00000282a99a1530_0 .var "bit_count", 3 0;
v00000282a99a2d90_0 .var "busy", 0 0;
v00000282a99a17b0_0 .net "clk", 0 0, v00000282a99a3900_0;  alias, 1 drivers
v00000282a99a3010_0 .net "data_in", 7 0, v00000282a999dc90_0;  alias, 1 drivers
v00000282a99a1a30_0 .net "data_valid", 0 0, L_00000282a96e6d40;  alias, 1 drivers
v00000282a99a1f30_0 .var "parity_bit", 0 0;
v00000282a99a1170_0 .net "parity_enable", 0 0, L_00000282a99a4e40;  alias, 1 drivers
v00000282a99a2bb0_0 .net "parity_odd", 0 0, L_00000282a99a46c0;  alias, 1 drivers
v00000282a99a1210_0 .net "rst_n", 0 0, v00000282a99a4ee0_0;  alias, 1 drivers
v00000282a99a2cf0_0 .var "shift_reg", 7 0;
v00000282a99a1b70_0 .var "state", 2 0;
v00000282a99a1d50_0 .var "tx", 0 0;
S_00000282a9694090 .scope task, "wb_read" "wb_read" 3 67, 3 67 0, S_00000282a96b9480;
 .timescale 0 0;
v00000282a99a4da0_0 .var "addr", 3 0;
E_00000282a96fe150 .event anyedge, v00000282a99a43a0_0;
E_00000282a96fe210 .event posedge, v00000282a96e4900_0;
TD_uart_tb.wb_read ;
    %wait E_00000282a96fe210;
    %load/vec4 v00000282a99a4da0_0;
    %assign/vec4 v00000282a99a3b80_0, 0;
    %pushi/vec4 0, 0, 1;
    %assign/vec4 v00000282a99a3ea0_0, 0;
    %pushi/vec4 1, 0, 1;
    %assign/vec4 v00000282a99a44e0_0, 0;
    %pushi/vec4 1, 0, 1;
    %assign/vec4 v00000282a99a3680_0, 0;
    %wait E_00000282a96fe210;
T_0.0 ;
    %load/vec4 v00000282a99a4580_0;
    %cmpi/ne 1, 0, 1;
    %jmp/0xz T_0.1, 6;
    %wait E_00000282a96fe150;
    %jmp T_0.0;
T_0.1 ;
    %vpi_call/w 3 78 "$display", "Read from address %0h: %0h", v00000282a99a4da0_0, v00000282a99a39a0_0 {0 0 0};
    %pushi/vec4 0, 0, 1;
    %assign/vec4 v00000282a99a44e0_0, 0;
    %pushi/vec4 0, 0, 1;
    %assign/vec4 v00000282a99a3680_0, 0;
    %end;
S_00000282a96a7770 .scope task, "wb_write" "wb_write" 3 49, 3 49 0, S_00000282a96b9480;
 .timescale 0 0;
v00000282a99a3400_0 .var "addr", 3 0;
v00000282a99a3d60_0 .var "data", 7 0;
TD_uart_tb.wb_write ;
    %wait E_00000282a96fe210;
    %load/vec4 v00000282a99a3400_0;
    %assign/vec4 v00000282a99a3b80_0, 0;
    %load/vec4 v00000282a99a3d60_0;
    %assign/vec4 v00000282a99a4620_0, 0;
    %pushi/vec4 1, 0, 1;
    %assign/vec4 v00000282a99a3ea0_0, 0;
    %pushi/vec4 1, 0, 1;
    %assign/vec4 v00000282a99a44e0_0, 0;
    %pushi/vec4 1, 0, 1;
    %assign/vec4 v00000282a99a3680_0, 0;
    %wait E_00000282a96fe210;
T_1.2 ;
    %load/vec4 v00000282a99a4580_0;
    %cmpi/ne 1, 0, 1;
    %jmp/0xz T_1.3, 6;
    %wait E_00000282a96fe150;
    %jmp T_1.2;
T_1.3 ;
    %pushi/vec4 0, 0, 1;
    %assign/vec4 v00000282a99a44e0_0, 0;
    %pushi/vec4 0, 0, 1;
    %assign/vec4 v00000282a99a3680_0, 0;
    %pushi/vec4 0, 0, 1;
    %assign/vec4 v00000282a99a3ea0_0, 0;
    %end;
    .scope S_00000282a96c2870;
T_2 ;
    %wait E_00000282a96fd610;
    %load/vec4 v00000282a999e2d0_0;
    %nor/r;
    %flag_set/vec4 8;
    %jmp/0xz  T_2.0, 8;
    %pushi/vec4 0, 0, 8;
    %assign/vec4 v00000282a999ee10_0, 0;
    %pushi/vec4 0, 0, 1;
    %assign/vec4 v00000282a999d510_0, 0;
    %pushi/vec4 0, 0, 8;
    %assign/vec4 v00000282a999e370_0, 0;
    %jmp T_2.1;
T_2.0 ;
    %pushi/vec4 0, 0, 1;
    %assign/vec4 v00000282a999d510_0, 0;
    %load/vec4 v00000282a999ea50_0;
    %flag_set/vec4 8;
    %jmp/0xz  T_2.2, 8;
    %load/vec4 v00000282a999e550_0;
    %dup/vec4;
    %pushi/vec4 0, 0, 4;
    %cmp/u;
    %jmp/1 T_2.4, 6;
    %dup/vec4;
    %pushi/vec4 12, 0, 4;
    %cmp/u;
    %jmp/1 T_2.5, 6;
    %jmp T_2.6;
T_2.4 ;
    %load/vec4 v00000282a999ef50_0;
    %nor/r;
    %flag_set/vec4 8;
    %jmp/0xz  T_2.7, 8;
    %pushi/vec4 1, 0, 1;
    %assign/vec4 v00000282a999d510_0, 0;
    %load/vec4 v00000282a999d650_0;
    %assign/vec4 v00000282a999e370_0, 0;
T_2.7 ;
    %jmp T_2.6;
T_2.5 ;
    %load/vec4 v00000282a999d650_0;
    %assign/vec4 v00000282a999ee10_0, 0;
    %jmp T_2.6;
T_2.6 ;
    %pop/vec4 1;
T_2.2 ;
T_2.1 ;
    %jmp T_2;
    .thread T_2;
    .scope S_00000282a96c2870;
T_3 ;
    %wait E_00000282a96fd610;
    %load/vec4 v00000282a999e2d0_0;
    %nor/r;
    %flag_set/vec4 8;
    %jmp/0xz  T_3.0, 8;
    %pushi/vec4 0, 0, 8;
    %assign/vec4 v00000282a999e870_0, 0;
    %pushi/vec4 0, 0, 1;
    %assign/vec4 v00000282a999d470_0, 0;
    %jmp T_3.1;
T_3.0 ;
    %pushi/vec4 0, 0, 1;
    %assign/vec4 v00000282a999d470_0, 0;
    %load/vec4 v00000282a999e4b0_0;
    %flag_set/vec4 8;
    %jmp/0xz  T_3.2, 8;
    %load/vec4 v00000282a999e550_0;
    %dup/vec4;
    %pushi/vec4 4, 0, 4;
    %cmp/u;
    %jmp/1 T_3.4, 6;
    %dup/vec4;
    %pushi/vec4 8, 0, 4;
    %cmp/u;
    %jmp/1 T_3.5, 6;
    %dup/vec4;
    %pushi/vec4 12, 0, 4;
    %cmp/u;
    %jmp/1 T_3.6, 6;
    %pushi/vec4 0, 0, 8;
    %assign/vec4 v00000282a999e870_0, 0;
    %jmp T_3.8;
T_3.4 ;
    %load/vec4 v00000282a999e5f0_0;
    %nor/r;
    %flag_set/vec4 8;
    %jmp/0xz  T_3.9, 8;
    %load/vec4 v00000282a999d830_0;
    %assign/vec4 v00000282a999e870_0, 0;
    %pushi/vec4 1, 0, 1;
    %assign/vec4 v00000282a999d470_0, 0;
    %jmp T_3.10;
T_3.9 ;
    %pushi/vec4 0, 0, 8;
    %assign/vec4 v00000282a999e870_0, 0;
T_3.10 ;
    %jmp T_3.8;
T_3.5 ;
    %load/vec4 v00000282a999eb90_0;
    %assign/vec4 v00000282a999e870_0, 0;
    %jmp T_3.8;
T_3.6 ;
    %load/vec4 v00000282a999ee10_0;
    %assign/vec4 v00000282a999e870_0, 0;
    %jmp T_3.8;
T_3.8 ;
    %pop/vec4 1;
T_3.2 ;
T_3.1 ;
    %jmp T_3;
    .thread T_3;
    .scope S_00000282a96c2870;
T_4 ;
Ewait_0 .event/or E_00000282a96fde10, E_0x0;
    %wait Ewait_0;
    %load/vec4 v00000282a999e5f0_0;
    %nor/r;
    %ix/load 4, 0, 0;
    %flag_set/imm 4, 0;
    %store/vec4 v00000282a999eb90_0, 4, 1;
    %load/vec4 v00000282a999ef50_0;
    %nor/r;
    %ix/load 4, 1, 0;
    %flag_set/imm 4, 0;
    %store/vec4 v00000282a999eb90_0, 4, 1;
    %load/vec4 v00000282a999d150_0;
    %ix/load 4, 2, 0;
    %flag_set/imm 4, 0;
    %store/vec4 v00000282a999eb90_0, 4, 1;
    %pushi/vec4 0, 0, 5;
    %ix/load 4, 3, 0;
    %flag_set/imm 4, 0;
    %store/vec4 v00000282a999eb90_0, 4, 5;
    %jmp T_4;
    .thread T_4, $push;
    .scope S_00000282a968a050;
T_5 ;
    %wait E_00000282a96fd610;
    %load/vec4 v00000282a96e40e0_0;
    %nor/r;
    %flag_set/vec4 8;
    %jmp/0xz  T_5.0, 8;
    %pushi/vec4 0, 0, 13;
    %assign/vec4 v00000282a96e3f00_0, 0;
    %pushi/vec4 0, 0, 9;
    %assign/vec4 v00000282a96e4d60_0, 0;
    %pushi/vec4 0, 0, 1;
    %assign/vec4 v00000282a96e3d20_0, 0;
    %pushi/vec4 0, 0, 1;
    %assign/vec4 v00000282a96e53a0_0, 0;
    %jmp T_5.1;
T_5.0 ;
    %load/vec4 v00000282a96e3f00_0;
    %pad/u 32;
    %cmpi/e 5207, 0, 32;
    %jmp/0xz  T_5.2, 4;
    %pushi/vec4 0, 0, 13;
    %assign/vec4 v00000282a96e3f00_0, 0;
    %pushi/vec4 1, 0, 1;
    %assign/vec4 v00000282a96e3d20_0, 0;
    %jmp T_5.3;
T_5.2 ;
    %load/vec4 v00000282a96e3f00_0;
    %addi 1, 0, 13;
    %assign/vec4 v00000282a96e3f00_0, 0;
    %pushi/vec4 0, 0, 1;
    %assign/vec4 v00000282a96e3d20_0, 0;
T_5.3 ;
    %load/vec4 v00000282a96e4d60_0;
    %pad/u 64;
    %cmpi/e 324, 0, 64;
    %jmp/0xz  T_5.4, 4;
    %pushi/vec4 1, 0, 1;
    %assign/vec4 v00000282a96e53a0_0, 0;
    %pushi/vec4 0, 0, 9;
    %assign/vec4 v00000282a96e4d60_0, 0;
    %jmp T_5.5;
T_5.4 ;
    %load/vec4 v00000282a96e4d60_0;
    %addi 1, 0, 9;
    %assign/vec4 v00000282a96e4d60_0, 0;
    %pushi/vec4 0, 0, 1;
    %assign/vec4 v00000282a96e53a0_0, 0;
T_5.5 ;
T_5.1 ;
    %jmp T_5;
    .thread T_5;
    .scope S_00000282a96c26e0;
T_6 ;
    %wait E_00000282a96fd610;
    %load/vec4 v00000282a999d6f0_0;
    %nor/r;
    %flag_set/vec4 8;
    %jmp/0xz  T_6.0, 8;
    %pushi/vec4 0, 0, 4;
    %assign/vec4 v00000282a999e190_0, 0;
    %pushi/vec4 0, 0, 4;
    %assign/vec4 v00000282a999ecd0_0, 0;
    %pushi/vec4 0, 0, 5;
    %assign/vec4 v00000282a999d290_0, 0;
    %jmp T_6.1;
T_6.0 ;
    %load/vec4 v00000282a999d1f0_0;
    %flag_set/vec4 9;
    %flag_get/vec4 9;
    %jmp/0 T_6.4, 9;
    %load/vec4 v00000282a999d3d0_0;
    %nor/r;
    %and;
T_6.4;
    %flag_set/vec4 8;
    %jmp/0xz  T_6.2, 8;
    %load/vec4 v00000282a999d790_0;
    %load/vec4 v00000282a999e190_0;
    %pad/u 6;
    %ix/vec4 3;
    %ix/load 4, 0, 0; Constant delay
    %assign/vec4/a/d v00000282a999de70, 0, 4;
    %load/vec4 v00000282a999e190_0;
    %addi 1, 0, 4;
    %assign/vec4 v00000282a999e190_0, 0;
T_6.2 ;
    %load/vec4 v00000282a999e0f0_0;
    %flag_set/vec4 9;
    %flag_get/vec4 9;
    %jmp/0 T_6.7, 9;
    %load/vec4 v00000282a999d330_0;
    %nor/r;
    %and;
T_6.7;
    %flag_set/vec4 8;
    %jmp/0xz  T_6.5, 8;
    %load/vec4 v00000282a999ecd0_0;
    %pad/u 6;
    %ix/vec4 4;
    %load/vec4a v00000282a999de70, 4;
    %assign/vec4 v00000282a999dc90_0, 0;
    %load/vec4 v00000282a999ecd0_0;
    %addi 1, 0, 4;
    %assign/vec4 v00000282a999ecd0_0, 0;
T_6.5 ;
    %load/vec4 v00000282a999d1f0_0;
    %flag_set/vec4 8;
    %flag_get/vec4 8;
    %jmp/0 T_6.12, 8;
    %load/vec4 v00000282a999d3d0_0;
    %nor/r;
    %and;
T_6.12;
    %load/vec4 v00000282a999e0f0_0;
    %flag_set/vec4 8;
    %flag_get/vec4 8;
    %jmp/0 T_6.13, 8;
    %load/vec4 v00000282a999d330_0;
    %nor/r;
    %and;
T_6.13;
    %concat/vec4; draw_concat_vec4
    %dup/vec4;
    %pushi/vec4 2, 0, 2;
    %cmp/u;
    %jmp/1 T_6.8, 6;
    %dup/vec4;
    %pushi/vec4 1, 0, 2;
    %cmp/u;
    %jmp/1 T_6.9, 6;
    %load/vec4 v00000282a999d290_0;
    %assign/vec4 v00000282a999d290_0, 0;
    %jmp T_6.11;
T_6.8 ;
    %load/vec4 v00000282a999d290_0;
    %addi 1, 0, 5;
    %assign/vec4 v00000282a999d290_0, 0;
    %jmp T_6.11;
T_6.9 ;
    %load/vec4 v00000282a999d290_0;
    %subi 1, 0, 5;
    %assign/vec4 v00000282a999d290_0, 0;
    %jmp T_6.11;
T_6.11 ;
    %pop/vec4 1;
T_6.1 ;
    %jmp T_6;
    .thread T_6;
    .scope S_00000282a9693f00;
T_7 ;
    %wait E_00000282a96fd610;
    %load/vec4 v00000282a99a1210_0;
    %nor/r;
    %flag_set/vec4 8;
    %jmp/0xz  T_7.0, 8;
    %pushi/vec4 0, 0, 3;
    %assign/vec4 v00000282a99a1b70_0, 0;
    %pushi/vec4 0, 0, 4;
    %assign/vec4 v00000282a99a1530_0, 0;
    %pushi/vec4 0, 0, 8;
    %assign/vec4 v00000282a99a2cf0_0, 0;
    %pushi/vec4 1, 0, 1;
    %assign/vec4 v00000282a99a1d50_0, 0;
    %pushi/vec4 0, 0, 1;
    %assign/vec4 v00000282a99a2d90_0, 0;
    %jmp T_7.1;
T_7.0 ;
    %load/vec4 v00000282a99a1490_0;
    %flag_set/vec4 8;
    %jmp/0xz  T_7.2, 8;
    %load/vec4 v00000282a99a1b70_0;
    %dup/vec4;
    %pushi/vec4 0, 0, 3;
    %cmp/u;
    %jmp/1 T_7.4, 6;
    %dup/vec4;
    %pushi/vec4 1, 0, 3;
    %cmp/u;
    %jmp/1 T_7.5, 6;
    %dup/vec4;
    %pushi/vec4 2, 0, 3;
    %cmp/u;
    %jmp/1 T_7.6, 6;
    %dup/vec4;
    %pushi/vec4 3, 0, 3;
    %cmp/u;
    %jmp/1 T_7.7, 6;
    %dup/vec4;
    %pushi/vec4 4, 0, 3;
    %cmp/u;
    %jmp/1 T_7.8, 6;
    %pushi/vec4 0, 0, 3;
    %assign/vec4 v00000282a99a1b70_0, 0;
    %jmp T_7.10;
T_7.4 ;
    %pushi/vec4 1, 0, 1;
    %assign/vec4 v00000282a99a1d50_0, 0;
    %pushi/vec4 0, 0, 1;
    %assign/vec4 v00000282a99a2d90_0, 0;
    %load/vec4 v00000282a99a1a30_0;
    %flag_set/vec4 8;
    %jmp/0xz  T_7.11, 8;
    %load/vec4 v00000282a99a3010_0;
    %assign/vec4 v00000282a99a2cf0_0, 0;
    %load/vec4 v00000282a99a2bb0_0;
    %flag_set/vec4 8;
    %jmp/0 T_7.13, 8;
    %load/vec4 v00000282a99a3010_0;
    %xor/r;
    %inv;
    %jmp/1 T_7.14, 8;
T_7.13 ; End of true expr.
    %load/vec4 v00000282a99a3010_0;
    %xor/r;
    %jmp/0 T_7.14, 8;
 ; End of false expr.
    %blend;
T_7.14;
    %assign/vec4 v00000282a99a1f30_0, 0;
    %pushi/vec4 1, 0, 3;
    %assign/vec4 v00000282a99a1b70_0, 0;
    %pushi/vec4 1, 0, 1;
    %assign/vec4 v00000282a99a2d90_0, 0;
T_7.11 ;
    %jmp T_7.10;
T_7.5 ;
    %pushi/vec4 0, 0, 1;
    %assign/vec4 v00000282a99a1d50_0, 0;
    %pushi/vec4 2, 0, 3;
    %assign/vec4 v00000282a99a1b70_0, 0;
    %jmp T_7.10;
T_7.6 ;
    %load/vec4 v00000282a99a1530_0;
    %pad/u 32;
    %cmpi/e 7, 0, 32;
    %jmp/0xz  T_7.15, 4;
    %load/vec4 v00000282a99a2cf0_0;
    %parti/s 1, 0, 2;
    %assign/vec4 v00000282a99a1d50_0, 0;
    %load/vec4 v00000282a99a2cf0_0;
    %ix/load 4, 1, 0;
    %flag_set/imm 4, 0;
    %shiftr 4;
    %assign/vec4 v00000282a99a2cf0_0, 0;
    %pushi/vec4 0, 0, 4;
    %assign/vec4 v00000282a99a1530_0, 0;
    %load/vec4 v00000282a99a1170_0;
    %flag_set/vec4 8;
    %jmp/0xz  T_7.17, 8;
    %pushi/vec4 3, 0, 3;
    %assign/vec4 v00000282a99a1b70_0, 0;
    %jmp T_7.18;
T_7.17 ;
    %pushi/vec4 4, 0, 3;
    %assign/vec4 v00000282a99a1b70_0, 0;
T_7.18 ;
    %jmp T_7.16;
T_7.15 ;
    %load/vec4 v00000282a99a2cf0_0;
    %parti/s 1, 0, 2;
    %assign/vec4 v00000282a99a1d50_0, 0;
    %load/vec4 v00000282a99a2cf0_0;
    %ix/load 4, 1, 0;
    %flag_set/imm 4, 0;
    %shiftr 4;
    %assign/vec4 v00000282a99a2cf0_0, 0;
    %load/vec4 v00000282a99a1530_0;
    %addi 1, 0, 4;
    %assign/vec4 v00000282a99a1530_0, 0;
T_7.16 ;
    %jmp T_7.10;
T_7.7 ;
    %load/vec4 v00000282a99a1f30_0;
    %assign/vec4 v00000282a99a1d50_0, 0;
    %pushi/vec4 4, 0, 3;
    %assign/vec4 v00000282a99a1b70_0, 0;
    %jmp T_7.10;
T_7.8 ;
    %pushi/vec4 1, 0, 1;
    %assign/vec4 v00000282a99a1d50_0, 0;
    %pushi/vec4 0, 0, 1;
    %assign/vec4 v00000282a99a2d90_0, 0;
    %pushi/vec4 0, 0, 3;
    %assign/vec4 v00000282a99a1b70_0, 0;
    %jmp T_7.10;
T_7.10 ;
    %pop/vec4 1;
T_7.2 ;
T_7.1 ;
    %jmp T_7;
    .thread T_7;
    .scope S_00000282a9693d70;
T_8 ;
    %wait E_00000282a96fd610;
    %load/vec4 v00000282a999e910_0;
    %nor/r;
    %flag_set/vec4 8;
    %jmp/0xz  T_8.0, 8;
    %pushi/vec4 0, 0, 3;
    %assign/vec4 v00000282a99a1fd0_0, 0;
    %pushi/vec4 0, 0, 4;
    %assign/vec4 v00000282a999da10_0, 0;
    %pushi/vec4 0, 0, 8;
    %assign/vec4 v00000282a99a2610_0, 0;
    %pushi/vec4 0, 0, 8;
    %assign/vec4 v00000282a999e690_0, 0;
    %pushi/vec4 0, 0, 1;
    %assign/vec4 v00000282a999ec30_0, 0;
    %pushi/vec4 0, 0, 1;
    %assign/vec4 v00000282a999dbf0_0, 0;
    %pushi/vec4 0, 0, 4;
    %assign/vec4 v00000282a99a2250_0, 0;
    %jmp T_8.1;
T_8.0 ;
    %pushi/vec4 0, 0, 1;
    %assign/vec4 v00000282a999ec30_0, 0;
    %pushi/vec4 0, 0, 1;
    %assign/vec4 v00000282a999dbf0_0, 0;
    %load/vec4 v00000282a999d970_0;
    %flag_set/vec4 8;
    %jmp/0xz  T_8.2, 8;
    %load/vec4 v00000282a99a2250_0;
    %pad/u 32;
    %cmpi/e 15, 0, 32;
    %jmp/0xz  T_8.4, 4;
    %pushi/vec4 0, 0, 4;
    %assign/vec4 v00000282a99a2250_0, 0;
    %jmp T_8.5;
T_8.4 ;
    %load/vec4 v00000282a99a2250_0;
    %addi 1, 0, 4;
    %assign/vec4 v00000282a99a2250_0, 0;
T_8.5 ;
    %load/vec4 v00000282a99a1fd0_0;
    %dup/vec4;
    %pushi/vec4 0, 0, 3;
    %cmp/u;
    %jmp/1 T_8.6, 6;
    %dup/vec4;
    %pushi/vec4 1, 0, 3;
    %cmp/u;
    %jmp/1 T_8.7, 6;
    %dup/vec4;
    %pushi/vec4 2, 0, 3;
    %cmp/u;
    %jmp/1 T_8.8, 6;
    %dup/vec4;
    %pushi/vec4 3, 0, 3;
    %cmp/u;
    %jmp/1 T_8.9, 6;
    %dup/vec4;
    %pushi/vec4 4, 0, 3;
    %cmp/u;
    %jmp/1 T_8.10, 6;
    %pushi/vec4 0, 0, 3;
    %assign/vec4 v00000282a99a1fd0_0, 0;
    %jmp T_8.12;
T_8.6 ;
    %load/vec4 v00000282a999dd30_0;
    %nor/r;
    %flag_set/vec4 8;
    %jmp/0xz  T_8.13, 8;
    %pushi/vec4 1, 0, 3;
    %assign/vec4 v00000282a99a1fd0_0, 0;
T_8.13 ;
    %jmp T_8.12;
T_8.7 ;
    %load/vec4 v00000282a99a2250_0;
    %pad/u 32;
    %cmpi/e 8, 0, 32;
    %jmp/0xz  T_8.15, 4;
    %load/vec4 v00000282a999dd30_0;
    %nor/r;
    %flag_set/vec4 8;
    %jmp/0xz  T_8.17, 8;
    %pushi/vec4 2, 0, 3;
    %assign/vec4 v00000282a99a1fd0_0, 0;
    %pushi/vec4 0, 0, 4;
    %assign/vec4 v00000282a999da10_0, 0;
    %pushi/vec4 0, 0, 4;
    %assign/vec4 v00000282a99a2250_0, 0;
    %jmp T_8.18;
T_8.17 ;
    %pushi/vec4 0, 0, 3;
    %assign/vec4 v00000282a99a1fd0_0, 0;
T_8.18 ;
T_8.15 ;
    %jmp T_8.12;
T_8.8 ;
    %load/vec4 v00000282a99a2250_0;
    %pad/u 32;
    %cmpi/e 8, 0, 32;
    %jmp/0xz  T_8.19, 4;
    %load/vec4 v00000282a999dd30_0;
    %load/vec4 v00000282a99a2610_0;
    %parti/s 7, 1, 2;
    %concat/vec4; draw_concat_vec4
    %assign/vec4 v00000282a99a2610_0, 0;
    %load/vec4 v00000282a999da10_0;
    %pad/u 32;
    %cmpi/e 7, 0, 32;
    %jmp/0xz  T_8.21, 4;
    %pushi/vec4 0, 0, 4;
    %assign/vec4 v00000282a999da10_0, 0;
    %load/vec4 v00000282a999db50_0;
    %flag_set/vec4 8;
    %jmp/0xz  T_8.23, 8;
    %pushi/vec4 3, 0, 3;
    %assign/vec4 v00000282a99a1fd0_0, 0;
    %jmp T_8.24;
T_8.23 ;
    %pushi/vec4 4, 0, 3;
    %assign/vec4 v00000282a99a1fd0_0, 0;
T_8.24 ;
    %jmp T_8.22;
T_8.21 ;
    %load/vec4 v00000282a999da10_0;
    %addi 1, 0, 4;
    %assign/vec4 v00000282a999da10_0, 0;
T_8.22 ;
T_8.19 ;
    %jmp T_8.12;
T_8.9 ;
    %load/vec4 v00000282a99a2250_0;
    %pad/u 32;
    %cmpi/e 8, 0, 32;
    %jmp/0xz  T_8.25, 4;
    %load/vec4 v00000282a999e730_0;
    %flag_set/vec4 8;
    %jmp/0 T_8.27, 8;
    %load/vec4 v00000282a99a2610_0;
    %xor/r;
    %inv;
    %jmp/1 T_8.28, 8;
T_8.27 ; End of true expr.
    %load/vec4 v00000282a99a2610_0;
    %xor/r;
    %jmp/0 T_8.28, 8;
 ; End of false expr.
    %blend;
T_8.28;
    %load/vec4 v00000282a999dd30_0;
    %cmp/ne;
    %flag_get/vec4 4;
    %assign/vec4 v00000282a999dbf0_0, 0;
    %pushi/vec4 4, 0, 3;
    %assign/vec4 v00000282a99a1fd0_0, 0;
T_8.25 ;
    %jmp T_8.12;
T_8.10 ;
    %load/vec4 v00000282a99a2250_0;
    %pad/u 32;
    %cmpi/e 8, 0, 32;
    %jmp/0xz  T_8.29, 4;
    %load/vec4 v00000282a999dd30_0;
    %flag_set/vec4 8;
    %jmp/0xz  T_8.31, 8;
    %load/vec4 v00000282a99a2610_0;
    %assign/vec4 v00000282a999e690_0, 0;
    %pushi/vec4 1, 0, 1;
    %assign/vec4 v00000282a999ec30_0, 0;
T_8.31 ;
    %pushi/vec4 0, 0, 3;
    %assign/vec4 v00000282a99a1fd0_0, 0;
T_8.29 ;
    %jmp T_8.12;
T_8.12 ;
    %pop/vec4 1;
T_8.2 ;
T_8.1 ;
    %jmp T_8;
    .thread T_8;
    .scope S_00000282a968a1e0;
T_9 ;
    %wait E_00000282a96fd610;
    %load/vec4 v00000282a96e54e0_0;
    %nor/r;
    %flag_set/vec4 8;
    %jmp/0xz  T_9.0, 8;
    %pushi/vec4 0, 0, 4;
    %assign/vec4 v00000282a96e5760_0, 0;
    %pushi/vec4 0, 0, 4;
    %assign/vec4 v00000282a96e5440_0, 0;
    %pushi/vec4 0, 0, 5;
    %assign/vec4 v00000282a96e51c0_0, 0;
    %jmp T_9.1;
T_9.0 ;
    %load/vec4 v00000282a96e3b40_0;
    %flag_set/vec4 9;
    %flag_get/vec4 9;
    %jmp/0 T_9.4, 9;
    %load/vec4 v00000282a96e4ea0_0;
    %nor/r;
    %and;
T_9.4;
    %flag_set/vec4 8;
    %jmp/0xz  T_9.2, 8;
    %load/vec4 v00000282a96e4a40_0;
    %load/vec4 v00000282a96e5760_0;
    %pad/u 6;
    %ix/vec4 3;
    %ix/load 4, 0, 0; Constant delay
    %assign/vec4/a/d v00000282a96e5260, 0, 4;
    %load/vec4 v00000282a96e5760_0;
    %addi 1, 0, 4;
    %assign/vec4 v00000282a96e5760_0, 0;
T_9.2 ;
    %load/vec4 v00000282a96e5300_0;
    %flag_set/vec4 9;
    %flag_get/vec4 9;
    %jmp/0 T_9.7, 9;
    %load/vec4 v00000282a96e4e00_0;
    %nor/r;
    %and;
T_9.7;
    %flag_set/vec4 8;
    %jmp/0xz  T_9.5, 8;
    %load/vec4 v00000282a96e5440_0;
    %pad/u 6;
    %ix/vec4 4;
    %load/vec4a v00000282a96e5260, 4;
    %assign/vec4 v00000282a96e4b80_0, 0;
    %load/vec4 v00000282a96e5440_0;
    %addi 1, 0, 4;
    %assign/vec4 v00000282a96e5440_0, 0;
T_9.5 ;
    %load/vec4 v00000282a96e3b40_0;
    %flag_set/vec4 8;
    %flag_get/vec4 8;
    %jmp/0 T_9.12, 8;
    %load/vec4 v00000282a96e4ea0_0;
    %nor/r;
    %and;
T_9.12;
    %load/vec4 v00000282a96e5300_0;
    %flag_set/vec4 8;
    %flag_get/vec4 8;
    %jmp/0 T_9.13, 8;
    %load/vec4 v00000282a96e4e00_0;
    %nor/r;
    %and;
T_9.13;
    %concat/vec4; draw_concat_vec4
    %dup/vec4;
    %pushi/vec4 2, 0, 2;
    %cmp/u;
    %jmp/1 T_9.8, 6;
    %dup/vec4;
    %pushi/vec4 1, 0, 2;
    %cmp/u;
    %jmp/1 T_9.9, 6;
    %load/vec4 v00000282a96e51c0_0;
    %assign/vec4 v00000282a96e51c0_0, 0;
    %jmp T_9.11;
T_9.8 ;
    %load/vec4 v00000282a96e51c0_0;
    %addi 1, 0, 5;
    %assign/vec4 v00000282a96e51c0_0, 0;
    %jmp T_9.11;
T_9.9 ;
    %load/vec4 v00000282a96e51c0_0;
    %subi 1, 0, 5;
    %assign/vec4 v00000282a96e51c0_0, 0;
    %jmp T_9.11;
T_9.11 ;
    %pop/vec4 1;
T_9.1 ;
    %jmp T_9;
    .thread T_9;
    .scope S_00000282a96b9610;
T_10 ;
    %wait E_00000282a96fd610;
    %load/vec4 v00000282a99a3220_0;
    %nor/r;
    %flag_set/vec4 8;
    %jmp/0xz  T_10.0, 8;
    %pushi/vec4 0, 0, 1;
    %assign/vec4 v00000282a99a43a0_0, 0;
    %jmp T_10.1;
T_10.0 ;
    %load/vec4 v00000282a99a3860_0;
    %flag_set/vec4 9;
    %flag_get/vec4 9;
    %jmp/0 T_10.3, 9;
    %load/vec4 v00000282a99a3e00_0;
    %and;
T_10.3;
    %flag_set/vec4 8;
    %flag_get/vec4 8;
    %jmp/0 T_10.2, 8;
    %load/vec4 v00000282a99a43a0_0;
    %nor/r;
    %and;
T_10.2;
    %assign/vec4 v00000282a99a43a0_0, 0;
T_10.1 ;
    %jmp T_10;
    .thread T_10;
    .scope S_00000282a96b9480;
T_11 ;
    %pushi/vec4 0, 0, 1;
    %store/vec4 v00000282a99a3900_0, 0, 1;
    %end;
    .thread T_11;
    .scope S_00000282a96b9480;
T_12 ;
    %delay 10, 0;
    %load/vec4 v00000282a99a3900_0;
    %inv;
    %store/vec4 v00000282a99a3900_0, 0, 1;
    %jmp T_12;
    .thread T_12;
    .scope S_00000282a96b9480;
T_13 ;
    %pushi/vec4 0, 0, 1;
    %store/vec4 v00000282a99a4ee0_0, 0, 1;
    %pushi/vec4 0, 0, 1;
    %store/vec4 v00000282a99a44e0_0, 0, 1;
    %pushi/vec4 0, 0, 1;
    %store/vec4 v00000282a99a3680_0, 0, 1;
    %pushi/vec4 0, 0, 1;
    %store/vec4 v00000282a99a3ea0_0, 0, 1;
    %pushi/vec4 0, 0, 4;
    %store/vec4 v00000282a99a3b80_0, 0, 4;
    %pushi/vec4 0, 0, 8;
    %store/vec4 v00000282a99a4620_0, 0, 8;
    %delay 100, 0;
    %pushi/vec4 1, 0, 1;
    %store/vec4 v00000282a99a4ee0_0, 0, 1;
    %end;
    .thread T_13;
    .scope S_00000282a96b9480;
T_14 ;
T_14.0 ;
    %load/vec4 v00000282a99a4ee0_0;
    %cmpi/ne 1, 0, 1;
    %jmp/0xz T_14.1, 6;
    %wait E_00000282a96fd290;
    %jmp T_14.0;
T_14.1 ;
    %pushi/vec4 12, 0, 4;
    %store/vec4 v00000282a99a3400_0, 0, 4;
    %pushi/vec4 1, 0, 8;
    %store/vec4 v00000282a99a3d60_0, 0, 8;
    %fork TD_uart_tb.wb_write, S_00000282a96a7770;
    %join;
    %pushi/vec4 0, 0, 4;
    %store/vec4 v00000282a99a3400_0, 0, 4;
    %pushi/vec4 165, 0, 8;
    %store/vec4 v00000282a99a3d60_0, 0, 8;
    %fork TD_uart_tb.wb_write, S_00000282a96a7770;
    %join;
    %delay 200000, 0;
    %pushi/vec4 8, 0, 4;
    %store/vec4 v00000282a99a4da0_0, 0, 4;
    %fork TD_uart_tb.wb_read, S_00000282a9694090;
    %join;
    %pushi/vec4 4, 0, 4;
    %store/vec4 v00000282a99a4da0_0, 0, 4;
    %fork TD_uart_tb.wb_read, S_00000282a9694090;
    %join;
    %load/vec4 v00000282a99a4440_0;
    %flag_set/vec4 8;
    %jmp/0xz  T_14.2, 8;
    %vpi_call/w 3 99 "$display", "IRQ is asserted" {0 0 0};
    %jmp T_14.3;
T_14.2 ;
    %vpi_call/w 3 101 "$display", "IRQ is not asserted" {0 0 0};
T_14.3 ;
    %delay 1000, 0;
    %vpi_call/w 3 104 "$finish" {0 0 0};
    %end;
    .thread T_14;
    .scope S_00000282a96b9480;
T_15 ;
    %vpi_call/w 3 110 "$dumpfile", "uart_tb.vcd" {0 0 0};
    %vpi_call/w 3 111 "$dumpvars", 32'sb00000000000000000000000000000000, S_00000282a96b9480 {0 0 0};
    %end;
    .thread T_15;
# The file index is used to find the file name in the following table.
:file_names 11;
    "N/A";
    "<interactive>";
    "-";
    "tb/uart_tb.sv";
    "rtl/uart_wb.sv";
    "rtl/uart_top.sv";
    "rtl/baud_gen.sv";
    "rtl/fifo.sv";
    "rtl/uart_regs.sv";
    "rtl/uart_rx.sv";
    "rtl/uart_tx.sv";
